<?xml version="1.0" encoding="UTF-8"?>
<testng-results ignored="0" total="1" passed="1" failed="0" skipped="0">
  <reporter-output>
  </reporter-output>
  <suite started-at="2024-02-07T20:25:42 MST" name="Suite" finished-at="2024-02-07T20:26:17 MST" duration-ms="35296">
    <groups>
    </groups>
    <test started-at="2024-02-07T20:25:42 MST" name="Test" finished-at="2024-02-07T20:26:17 MST" duration-ms="35296">
      <class name="testassignment.AmazonTest">
        <test-method is-config="true" signature="launchApplication()[pri:0, instance:testassignment.AmazonTest@21fd5faa]" started-at="2024-02-07T20:25:43 MST" name="launchApplication" finished-at="2024-02-07T20:25:48 MST" duration-ms="4987" status="PASS">
          <reporter-output>
          </reporter-output>
        </test-method> <!-- launchApplication -->
        <test-method signature="buyProduct1(java.util.HashMap)[pri:0, instance:testassignment.AmazonTest@21fd5faa]" started-at="2024-02-07T20:25:48 MST" name="buyProduct1" data-provider="getData" finished-at="2024-02-07T20:26:17 MST" duration-ms="28824" status="PASS">
          <params>
            <param index="0">
              <value>
                <![CDATA[{pwd=rawemotion@29, user=raw, email=rawemotion93@gmail.com}]]>
              </value>
            </param>
          </params>
          <reporter-output>
          </reporter-output>
        </test-method> <!-- buyProduct1 -->
        <test-method is-config="true" signature="tearDown()[pri:0, instance:testassignment.AmazonTest@21fd5faa]" started-at="2024-02-07T20:26:17 MST" name="tearDown" finished-at="2024-02-07T20:26:17 MST" duration-ms="499" status="PASS">
          <reporter-output>
          </reporter-output>
        </test-method> <!-- tearDown -->
      </class> <!-- testassignment.AmazonTest -->
    </test> <!-- Test -->
  </suite> <!-- Suite -->
</testng-results>
